<?xml version="1.0" encoding="UTF-8"?>
<testsuite xmlns:xsi="http://www.w3.org/2001/XMLSchema-instance" xsi:noNamespaceSchemaLocation="https://maven.apache.org/surefire/maven-surefire-plugin/xsd/surefire-test-report-3.0.xsd" version="3.0" name="com.nexsoft.exam3.test.RumusKelilingTest" time="0.219" tests="18" errors="0" skipped="0" failures="0">
  <properties>
[...]
</properties>
  <testcase name="testKelilingTidakAngka(String)[1]" classname="com.nexsoft.exam3.test.RumusKelilingTest" time="0.065"/>
  <testcase name="testKelilingTidakAngka(String)[2]" classname="com.nexsoft.exam3.test.RumusKelilingTest" time="0.002"/>
  <testcase name="testKelilingTidakAngka(String)[3]" classname="com.nexsoft.exam3.test.RumusKelilingTest" time="0.002"/>
  <testcase name="keliling_kolam(int, double, double, double, double)[1]" classname="com.nexsoft.exam3.test.RumusKelilingTest" time="0.004"/>
  <testcase name="keliling_kolam(int, double, double, double, double)[2]" classname="com.nexsoft.exam3.test.RumusKelilingTest" time="0.001"/>
  <testcase name="keliling_kolam(int, double, double, double, double)[3]" classname="com.nexsoft.exam3.test.RumusKelilingTest" time="0.002"/>
  <testcase name="keliling_kolam(int, double, double, double, double)[4]" classname="com.nexsoft.exam3.test.RumusKelilingTest" time="0.001"/>
  <testcase name="keliling_kolam(int, double, double, double, double)[5]" classname="com.nexsoft.exam3.test.RumusKelilingTest" time="0.002"/>
  <testcase name="keliling_kolam(int, double, double, double, double)[6]" classname="com.nexsoft.exam3.test.RumusKelilingTest" time="0.001"/>
  <testcase name="keliling_kolam(int, double, double, double, double)[7]" classname="com.nexsoft.exam3.test.RumusKelilingTest" time="0.001"/>
  <testcase name="keliling_kolam(int, double, double, double, double)[8]" classname="com.nexsoft.exam3.test.RumusKelilingTest" time="0.002"/>
  <testcase name="keliling_kolam(int, double, double, double, double)[9]" classname="com.nexsoft.exam3.test.RumusKelilingTest" time="0.001"/>
  <testcase name="keliling_kolam(int, double, double, double, double)[10]" classname="com.nexsoft.exam3.test.RumusKelilingTest" time="0.001"/>
  <testcase name="keliling_kolam(int, double, double, double, double)[11]" classname="com.nexsoft.exam3.test.RumusKelilingTest" time="0.001"/>
  <testcase name="keliling_kolam(int, double, double, double, double)[12]" classname="com.nexsoft.exam3.test.RumusKelilingTest" time="0.001"/>
  <testcase name="keliling_kolam(int, double, double, double, double)[13]" classname="com.nexsoft.exam3.test.RumusKelilingTest" time="0.002"/>
  <testcase name="keliling_kolam(int, double, double, double, double)[14]" classname="com.nexsoft.exam3.test.RumusKelilingTest" time="0.001"/>
  <testcase name="keliling_kolam(int, double, double, double, double)[15]" classname="com.nexsoft.exam3.test.RumusKelilingTest" time="0.001"/>
</testsuite>